<?xml version="1.0" encoding="UTF-8"?>
<!-- Generated by org.testng.reporters.JUnitXMLReporter -->
<testsuite hostname="DESKTOP-BTG7UVQ" ignored="0" name="Surefire test" tests="2" failures="0" timestamp="2023-04-02T19:54:31 EET" time="49.887" errors="0">
  <testcase name="runScenario" time="20.076" classname="io.cucumber.testng.AbstractTestNGCucumberTests"/>
  <testcase name="runScenario" time="29.218" classname="io.cucumber.testng.AbstractTestNGCucumberTests"/>
</testsuite> <!-- Surefire test -->
