<?xml version="1.0" encoding="UTF-8"?>
<testng-results skipped="0" failed="0" ignored="0" total="2" passed="2">
  <reporter-output>
  </reporter-output>
  <suite name="Surefire suite" duration-ms="49887" started-at="2023-04-02T19:53:41 EET" finished-at="2023-04-02T19:54:31 EET">
    <groups>
      <group name="cucumber">
        <method signature="AbstractTestNGCucumberTests.runScenario(io.cucumber.testng.PickleWrapper,io.cucumber.testng.FeatureWrapper)[pri:0, instance:org.example.TestRunner.runners@36b4cef0]" name="runScenario" class="io.cucumber.testng.AbstractTestNGCucumberTests"/>
      </group> <!-- cucumber -->
    </groups>
    <test name="Surefire test" duration-ms="49887" started-at="2023-04-02T19:53:41 EET" finished-at="2023-04-02T19:54:31 EET">
      <class name="org.example.TestRunner.runners">
        <test-method status="PASS" signature="setUpClass(org.testng.ITestContext)[pri:0, instance:org.example.TestRunner.runners@36b4cef0]" name="setUpClass" is-config="true" duration-ms="459" started-at="2023-04-02T19:53:41 EET" finished-at="2023-04-02T19:53:41 EET">
          <params>
            <param index="0">
              <value>
                <![CDATA[org.testng.TestRunner@784c5ef5]]>
              </value>
            </param>
          </params>
          <reporter-output>
          </reporter-output>
        </test-method> <!-- setUpClass -->
        <test-method status="PASS" signature="runScenario(io.cucumber.testng.PickleWrapper,io.cucumber.testng.FeatureWrapper)[pri:0, instance:org.example.TestRunner.runners@36b4cef0]" name="runScenario" duration-ms="20076" started-at="2023-04-02T19:53:41 EET" description="Runs Cucumber Scenarios" data-provider="scenarios" finished-at="2023-04-02T19:54:01 EET">
          <params>
            <param index="0">
              <value>
                <![CDATA["user could choose Arabic language successfully"]]>
              </value>
            </param>
            <param index="1">
              <value>
                <![CDATA["F01_Language | Users could choose any language"]]>
              </value>
            </param>
          </params>
          <reporter-output>
          </reporter-output>
        </test-method> <!-- runScenario -->
        <test-method status="PASS" signature="runScenario(io.cucumber.testng.PickleWrapper,io.cucumber.testng.FeatureWrapper)[pri:0, instance:org.example.TestRunner.runners@36b4cef0]" name="runScenario" duration-ms="29218" started-at="2023-04-02T19:54:01 EET" description="Runs Cucumber Scenarios" data-provider="scenarios" finished-at="2023-04-02T19:54:31 EET">
          <params>
            <param index="0">
              <value>
                <![CDATA["user could search for lesson name"]]>
              </value>
            </param>
            <param index="1">
              <value>
                <![CDATA["F02_Search | User use search icon to start searching on nagwa lessons and choose one of this lessons"]]>
              </value>
            </param>
          </params>
          <reporter-output>
          </reporter-output>
        </test-method> <!-- runScenario -->
        <test-method status="PASS" signature="tearDownClass()[pri:0, instance:org.example.TestRunner.runners@36b4cef0]" name="tearDownClass" is-config="true" duration-ms="98" started-at="2023-04-02T19:54:31 EET" finished-at="2023-04-02T19:54:31 EET">
          <reporter-output>
          </reporter-output>
        </test-method> <!-- tearDownClass -->
      </class> <!-- org.example.TestRunner.runners -->
    </test> <!-- Surefire test -->
  </suite> <!-- Surefire suite -->
</testng-results>
